CRITICAL - 2024-03-25 04:21:05 --> CodeIgniter\View\Exceptions\ViewException: Invalid file: "layout/header.php"
in SYSTEMPATH\Exceptions\FrameworkException.php on line 39.
 1 SYSTEMPATH\View\View.php(216): CodeIgniter\Exceptions\FrameworkException::forInvalidFile('layout/header.php')
 2 SYSTEMPATH\Common.php(1178): CodeIgniter\View\View->render('layout/header', [], true)
 3 APPPATH\Controllers\Page.php(13): view('layout/header', [...])
 4 SYSTEMPATH\CodeIgniter.php(941): App\Controllers\Page->index()
 5 SYSTEMPATH\CodeIgniter.php(502): CodeIgniter\CodeIgniter->runController(Object(App\Controllers\Page))
 6 SYSTEMPATH\CodeIgniter.php(361): CodeIgniter\CodeIgniter->handleRequest(null, Object(Config\Cache), false)
 7 FCPATH\index.php(79): CodeIgniter\CodeIgniter->run()
 8 SYSTEMPATH\Commands\Server\rewrite.php(47): require_once('C:\\xampp\\htdocs\\Pertemuan3\\public\\index.php')
CRITICAL - 2024-03-25 04:30:21 --> ParseError: syntax error, unexpected token "=>", expecting "," or ";"
in APPPATH\Views\layout\template.php on line 33.
 1 SYSTEMPATH\View\View.php(231): CodeIgniter\View\View->CodeIgniter\View\{closure}()
 2 SYSTEMPATH\View\View.php(244): CodeIgniter\View\View->render('layout/template', [], true)
 3 SYSTEMPATH\Common.php(1178): CodeIgniter\View\View->render('Page/home', [], true)
 4 APPPATH\Controllers\Page.php(13): view('Page/home', [...])
 5 SYSTEMPATH\CodeIgniter.php(941): App\Controllers\Page->index()
 6 SYSTEMPATH\CodeIgniter.php(502): CodeIgniter\CodeIgniter->runController(Object(App\Controllers\Page))
 7 SYSTEMPATH\CodeIgniter.php(361): CodeIgniter\CodeIgniter->handleRequest(null, Object(Config\Cache), false)
 8 FCPATH\index.php(79): CodeIgniter\CodeIgniter->run()
 9 SYSTEMPATH\Commands\Server\rewrite.php(47): require_once('C:\\xampp\\htdocs\\Pertemuan3\\public\\index.php')
CRITICAL - 2024-03-25 04:42:28 --> ParseError: syntax error, unexpected end of file
in APPPATH\Views\page\contact.php on line 20.
 1 SYSTEMPATH\View\View.php(231): CodeIgniter\View\View->CodeIgniter\View\{closure}()
 2 SYSTEMPATH\Common.php(1178): CodeIgniter\View\View->render('page/contact', [], true)
 3 APPPATH\Controllers\Page.php(31): view('page/contact', [...])
 4 SYSTEMPATH\CodeIgniter.php(941): App\Controllers\Page->contact()
 5 SYSTEMPATH\CodeIgniter.php(502): CodeIgniter\CodeIgniter->runController(Object(App\Controllers\Page))
 6 SYSTEMPATH\CodeIgniter.php(361): CodeIgniter\CodeIgniter->handleRequest(null, Object(Config\Cache), false)
 7 FCPATH\index.php(79): CodeIgniter\CodeIgniter->run()
 8 SYSTEMPATH\Commands\Server\rewrite.php(47): require_once('C:\\xampp\\htdocs\\Pertemuan3\\public\\index.php')
CRITICAL - 2024-03-25 04:43:22 --> ErrorException: Undefined variable $alamat
in APPPATH\Views\page\contact.php on line 9.
 1 APPPATH\Views\page\contact.php(9): CodeIgniter\Debug\Exceptions->errorHandler(2, 'Undefined variable $alamat', 'C:\\xampp\\htdocs\\Pertemuan3\\app\\Views\\page\\contact.php', 9)
 2 SYSTEMPATH\View\View.php(228): include('C:\\xampp\\htdocs\\Pertemuan3\\app\\Views\\page\\contact.php')
 3 SYSTEMPATH\View\View.php(231): CodeIgniter\View\View->CodeIgniter\View\{closure}()
 4 SYSTEMPATH\Common.php(1178): CodeIgniter\View\View->render('page/contact', [], true)
 5 APPPATH\Controllers\Page.php(31): view('page/contact', [...])
 6 SYSTEMPATH\CodeIgniter.php(941): App\Controllers\Page->contact()
 7 SYSTEMPATH\CodeIgniter.php(502): CodeIgniter\CodeIgniter->runController(Object(App\Controllers\Page))
 8 SYSTEMPATH\CodeIgniter.php(361): CodeIgniter\CodeIgniter->handleRequest(null, Object(Config\Cache), false)
 9 FCPATH\index.php(79): CodeIgniter\CodeIgniter->run()
10 SYSTEMPATH\Commands\Server\rewrite.php(47): require_once('C:\\xampp\\htdocs\\Pertemuan3\\public\\index.php')
CRITICAL - 2024-03-25 04:43:23 --> ErrorException: Undefined variable $alamat
in APPPATH\Views\page\contact.php on line 9.
 1 APPPATH\Views\page\contact.php(9): CodeIgniter\Debug\Exceptions->errorHandler(2, 'Undefined variable $alamat', 'C:\\xampp\\htdocs\\Pertemuan3\\app\\Views\\page\\contact.php', 9)
 2 SYSTEMPATH\View\View.php(228): include('C:\\xampp\\htdocs\\Pertemuan3\\app\\Views\\page\\contact.php')
 3 SYSTEMPATH\View\View.php(231): CodeIgniter\View\View->CodeIgniter\View\{closure}()
 4 SYSTEMPATH\Common.php(1178): CodeIgniter\View\View->render('page/contact', [], true)
 5 APPPATH\Controllers\Page.php(31): view('page/contact', [...])
 6 SYSTEMPATH\CodeIgniter.php(941): App\Controllers\Page->contact()
 7 SYSTEMPATH\CodeIgniter.php(502): CodeIgniter\CodeIgniter->runController(Object(App\Controllers\Page))
 8 SYSTEMPATH\CodeIgniter.php(361): CodeIgniter\CodeIgniter->handleRequest(null, Object(Config\Cache), false)
 9 FCPATH\index.php(79): CodeIgniter\CodeIgniter->run()
10 SYSTEMPATH\Commands\Server\rewrite.php(47): require_once('C:\\xampp\\htdocs\\Pertemuan3\\public\\index.php')
CRITICAL - 2024-03-25 04:43:23 --> ErrorException: Undefined variable $alamat
in APPPATH\Views\page\contact.php on line 9.
 1 APPPATH\Views\page\contact.php(9): CodeIgniter\Debug\Exceptions->errorHandler(2, 'Undefined variable $alamat', 'C:\\xampp\\htdocs\\Pertemuan3\\app\\Views\\page\\contact.php', 9)
 2 SYSTEMPATH\View\View.php(228): include('C:\\xampp\\htdocs\\Pertemuan3\\app\\Views\\page\\contact.php')
 3 SYSTEMPATH\View\View.php(231): CodeIgniter\View\View->CodeIgniter\View\{closure}()
 4 SYSTEMPATH\Common.php(1178): CodeIgniter\View\View->render('page/contact', [], true)
 5 APPPATH\Controllers\Page.php(31): view('page/contact', [...])
 6 SYSTEMPATH\CodeIgniter.php(941): App\Controllers\Page->contact()
 7 SYSTEMPATH\CodeIgniter.php(502): CodeIgniter\CodeIgniter->runController(Object(App\Controllers\Page))
 8 SYSTEMPATH\CodeIgniter.php(361): CodeIgniter\CodeIgniter->handleRequest(null, Object(Config\Cache), false)
 9 FCPATH\index.php(79): CodeIgniter\CodeIgniter->run()
10 SYSTEMPATH\Commands\Server\rewrite.php(47): require_once('C:\\xampp\\htdocs\\Pertemuan3\\public\\index.php')
CRITICAL - 2024-03-25 04:43:24 --> ErrorException: Undefined variable $alamat
in APPPATH\Views\page\contact.php on line 9.
 1 APPPATH\Views\page\contact.php(9): CodeIgniter\Debug\Exceptions->errorHandler(2, 'Undefined variable $alamat', 'C:\\xampp\\htdocs\\Pertemuan3\\app\\Views\\page\\contact.php', 9)
 2 SYSTEMPATH\View\View.php(228): include('C:\\xampp\\htdocs\\Pertemuan3\\app\\Views\\page\\contact.php')
 3 SYSTEMPATH\View\View.php(231): CodeIgniter\View\View->CodeIgniter\View\{closure}()
 4 SYSTEMPATH\Common.php(1178): CodeIgniter\View\View->render('page/contact', [], true)
 5 APPPATH\Controllers\Page.php(31): view('page/contact', [...])
 6 SYSTEMPATH\CodeIgniter.php(941): App\Controllers\Page->contact()
 7 SYSTEMPATH\CodeIgniter.php(502): CodeIgniter\CodeIgniter->runController(Object(App\Controllers\Page))
 8 SYSTEMPATH\CodeIgniter.php(361): CodeIgniter\CodeIgniter->handleRequest(null, Object(Config\Cache), false)
 9 FCPATH\index.php(79): CodeIgniter\CodeIgniter->run()
10 SYSTEMPATH\Commands\Server\rewrite.php(47): require_once('C:\\xampp\\htdocs\\Pertemuan3\\public\\index.php')
CRITICAL - 2024-03-25 04:43:24 --> ErrorException: Undefined variable $alamat
in APPPATH\Views\page\contact.php on line 9.
 1 APPPATH\Views\page\contact.php(9): CodeIgniter\Debug\Exceptions->errorHandler(2, 'Undefined variable $alamat', 'C:\\xampp\\htdocs\\Pertemuan3\\app\\Views\\page\\contact.php', 9)
 2 SYSTEMPATH\View\View.php(228): include('C:\\xampp\\htdocs\\Pertemuan3\\app\\Views\\page\\contact.php')
 3 SYSTEMPATH\View\View.php(231): CodeIgniter\View\View->CodeIgniter\View\{closure}()
 4 SYSTEMPATH\Common.php(1178): CodeIgniter\View\View->render('page/contact', [], true)
 5 APPPATH\Controllers\Page.php(31): view('page/contact', [...])
 6 SYSTEMPATH\CodeIgniter.php(941): App\Controllers\Page->contact()
 7 SYSTEMPATH\CodeIgniter.php(502): CodeIgniter\CodeIgniter->runController(Object(App\Controllers\Page))
 8 SYSTEMPATH\CodeIgniter.php(361): CodeIgniter\CodeIgniter->handleRequest(null, Object(Config\Cache), false)
 9 FCPATH\index.php(79): CodeIgniter\CodeIgniter->run()
10 SYSTEMPATH\Commands\Server\rewrite.php(47): require_once('C:\\xampp\\htdocs\\Pertemuan3\\public\\index.php')
CRITICAL - 2024-03-25 04:43:24 --> ErrorException: Undefined variable $alamat
in APPPATH\Views\page\contact.php on line 9.
 1 APPPATH\Views\page\contact.php(9): CodeIgniter\Debug\Exceptions->errorHandler(2, 'Undefined variable $alamat', 'C:\\xampp\\htdocs\\Pertemuan3\\app\\Views\\page\\contact.php', 9)
 2 SYSTEMPATH\View\View.php(228): include('C:\\xampp\\htdocs\\Pertemuan3\\app\\Views\\page\\contact.php')
 3 SYSTEMPATH\View\View.php(231): CodeIgniter\View\View->CodeIgniter\View\{closure}()
 4 SYSTEMPATH\Common.php(1178): CodeIgniter\View\View->render('page/contact', [], true)
 5 APPPATH\Controllers\Page.php(31): view('page/contact', [...])
 6 SYSTEMPATH\CodeIgniter.php(941): App\Controllers\Page->contact()
 7 SYSTEMPATH\CodeIgniter.php(502): CodeIgniter\CodeIgniter->runController(Object(App\Controllers\Page))
 8 SYSTEMPATH\CodeIgniter.php(361): CodeIgniter\CodeIgniter->handleRequest(null, Object(Config\Cache), false)
 9 FCPATH\index.php(79): CodeIgniter\CodeIgniter->run()
10 SYSTEMPATH\Commands\Server\rewrite.php(47): require_once('C:\\xampp\\htdocs\\Pertemuan3\\public\\index.php')
CRITICAL - 2024-03-25 04:43:25 --> ErrorException: Undefined variable $alamat
in APPPATH\Views\page\contact.php on line 9.
 1 APPPATH\Views\page\contact.php(9): CodeIgniter\Debug\Exceptions->errorHandler(2, 'Undefined variable $alamat', 'C:\\xampp\\htdocs\\Pertemuan3\\app\\Views\\page\\contact.php', 9)
 2 SYSTEMPATH\View\View.php(228): include('C:\\xampp\\htdocs\\Pertemuan3\\app\\Views\\page\\contact.php')
 3 SYSTEMPATH\View\View.php(231): CodeIgniter\View\View->CodeIgniter\View\{closure}()
 4 SYSTEMPATH\Common.php(1178): CodeIgniter\View\View->render('page/contact', [], true)
 5 APPPATH\Controllers\Page.php(31): view('page/contact', [...])
 6 SYSTEMPATH\CodeIgniter.php(941): App\Controllers\Page->contact()
 7 SYSTEMPATH\CodeIgniter.php(502): CodeIgniter\CodeIgniter->runController(Object(App\Controllers\Page))
 8 SYSTEMPATH\CodeIgniter.php(361): CodeIgniter\CodeIgniter->handleRequest(null, Object(Config\Cache), false)
 9 FCPATH\index.php(79): CodeIgniter\CodeIgniter->run()
10 SYSTEMPATH\Commands\Server\rewrite.php(47): require_once('C:\\xampp\\htdocs\\Pertemuan3\\public\\index.php')
CRITICAL - 2024-03-25 04:46:01 --> TypeError: Cannot access offset of type string on string
in APPPATH\Views\page\contact.php on line 11.
 1 SYSTEMPATH\View\View.php(228): include()
 2 SYSTEMPATH\View\View.php(231): CodeIgniter\View\View->CodeIgniter\View\{closure}()
 3 SYSTEMPATH\Common.php(1178): CodeIgniter\View\View->render('page/contact', [], true)
 4 APPPATH\Controllers\Page.php(37): view('page/contact', [...])
 5 SYSTEMPATH\CodeIgniter.php(941): App\Controllers\Page->contact()
 6 SYSTEMPATH\CodeIgniter.php(502): CodeIgniter\CodeIgniter->runController(Object(App\Controllers\Page))
 7 SYSTEMPATH\CodeIgniter.php(361): CodeIgniter\CodeIgniter->handleRequest(null, Object(Config\Cache), false)
 8 FCPATH\index.php(79): CodeIgniter\CodeIgniter->run()
 9 SYSTEMPATH\Commands\Server\rewrite.php(47): require_once('C:\\xampp\\htdocs\\Pertemuan3\\public\\index.php')
CRITICAL - 2024-03-25 04:48:50 --> ParseError: syntax error, unexpected token "=>", expecting "]"
in APPPATH\Controllers\Page.php on line 36.
 1 SYSTEMPATH\Router\Router.php(515): CodeIgniter\Router\AutoRouter->getRoute('page/contact', 'get')
 2 SYSTEMPATH\Router\Router.php(211): CodeIgniter\Router\Router->autoRoute('page/contact')
 3 SYSTEMPATH\CodeIgniter.php(823): CodeIgniter\Router\Router->handle('page/contact')
 4 SYSTEMPATH\CodeIgniter.php(450): CodeIgniter\CodeIgniter->tryToRouteIt(Object(CodeIgniter\Router\RouteCollection))
 5 SYSTEMPATH\CodeIgniter.php(361): CodeIgniter\CodeIgniter->handleRequest(null, Object(Config\Cache), false)
 6 FCPATH\index.php(79): CodeIgniter\CodeIgniter->run()
 7 SYSTEMPATH\Commands\Server\rewrite.php(47): require_once('C:\\xampp\\htdocs\\Pertemuan3\\public\\index.php')
CRITICAL - 2024-03-25 04:50:03 --> ParseError: syntax error, unexpected single-quoted string "kantor", expecting "]"
in APPPATH\Controllers\Page.php on line 35.
 1 SYSTEMPATH\Router\Router.php(515): CodeIgniter\Router\AutoRouter->getRoute('page/contact', 'get')
 2 SYSTEMPATH\Router\Router.php(211): CodeIgniter\Router\Router->autoRoute('page/contact')
 3 SYSTEMPATH\CodeIgniter.php(823): CodeIgniter\Router\Router->handle('page/contact')
 4 SYSTEMPATH\CodeIgniter.php(450): CodeIgniter\CodeIgniter->tryToRouteIt(Object(CodeIgniter\Router\RouteCollection))
 5 SYSTEMPATH\CodeIgniter.php(361): CodeIgniter\CodeIgniter->handleRequest(null, Object(Config\Cache), false)
 6 FCPATH\index.php(79): CodeIgniter\CodeIgniter->run()
 7 SYSTEMPATH\Commands\Server\rewrite.php(47): require_once('C:\\xampp\\htdocs\\Pertemuan3\\public\\index.php')
CRITICAL - 2024-03-25 04:51:40 --> ParseError: syntax error, unexpected single-quoted string "kantor", expecting "]"
in APPPATH\Controllers\Page.php on line 35.
 1 SYSTEMPATH\Router\Router.php(515): CodeIgniter\Router\AutoRouter->getRoute('page/contact', 'get')
 2 SYSTEMPATH\Router\Router.php(211): CodeIgniter\Router\Router->autoRoute('page/contact')
 3 SYSTEMPATH\CodeIgniter.php(823): CodeIgniter\Router\Router->handle('page/contact')
 4 SYSTEMPATH\CodeIgniter.php(450): CodeIgniter\CodeIgniter->tryToRouteIt(Object(CodeIgniter\Router\RouteCollection))
 5 SYSTEMPATH\CodeIgniter.php(361): CodeIgniter\CodeIgniter->handleRequest(null, Object(Config\Cache), false)
 6 FCPATH\index.php(79): CodeIgniter\CodeIgniter->run()
 7 SYSTEMPATH\Commands\Server\rewrite.php(47): require_once('C:\\xampp\\htdocs\\Pertemuan3\\public\\index.php')
CRITICAL - 2024-03-25 04:51:54 --> ParseError: syntax error, unexpected single-quoted string "kantor", expecting "]"
in APPPATH\Controllers\Page.php on line 35.
 1 SYSTEMPATH\Router\Router.php(515): CodeIgniter\Router\AutoRouter->getRoute('page/contact', 'get')
 2 SYSTEMPATH\Router\Router.php(211): CodeIgniter\Router\Router->autoRoute('page/contact')
 3 SYSTEMPATH\CodeIgniter.php(823): CodeIgniter\Router\Router->handle('page/contact')
 4 SYSTEMPATH\CodeIgniter.php(450): CodeIgniter\CodeIgniter->tryToRouteIt(Object(CodeIgniter\Router\RouteCollection))
 5 SYSTEMPATH\CodeIgniter.php(361): CodeIgniter\CodeIgniter->handleRequest(null, Object(Config\Cache), false)
 6 FCPATH\index.php(79): CodeIgniter\CodeIgniter->run()
 7 SYSTEMPATH\Commands\Server\rewrite.php(47): require_once('C:\\xampp\\htdocs\\Pertemuan3\\public\\index.php')
CRITICAL - 2024-03-25 04:51:55 --> ParseError: syntax error, unexpected single-quoted string "kantor", expecting "]"
in APPPATH\Controllers\Page.php on line 35.
 1 SYSTEMPATH\Router\Router.php(515): CodeIgniter\Router\AutoRouter->getRoute('page/contact', 'get')
 2 SYSTEMPATH\Router\Router.php(211): CodeIgniter\Router\Router->autoRoute('page/contact')
 3 SYSTEMPATH\CodeIgniter.php(823): CodeIgniter\Router\Router->handle('page/contact')
 4 SYSTEMPATH\CodeIgniter.php(450): CodeIgniter\CodeIgniter->tryToRouteIt(Object(CodeIgniter\Router\RouteCollection))
 5 SYSTEMPATH\CodeIgniter.php(361): CodeIgniter\CodeIgniter->handleRequest(null, Object(Config\Cache), false)
 6 FCPATH\index.php(79): CodeIgniter\CodeIgniter->run()
 7 SYSTEMPATH\Commands\Server\rewrite.php(47): require_once('C:\\xampp\\htdocs\\Pertemuan3\\public\\index.php')
CRITICAL - 2024-03-25 04:51:56 --> ParseError: syntax error, unexpected single-quoted string "kantor", expecting "]"
in APPPATH\Controllers\Page.php on line 35.
 1 SYSTEMPATH\Router\Router.php(515): CodeIgniter\Router\AutoRouter->getRoute('page/contact', 'get')
 2 SYSTEMPATH\Router\Router.php(211): CodeIgniter\Router\Router->autoRoute('page/contact')
 3 SYSTEMPATH\CodeIgniter.php(823): CodeIgniter\Router\Router->handle('page/contact')
 4 SYSTEMPATH\CodeIgniter.php(450): CodeIgniter\CodeIgniter->tryToRouteIt(Object(CodeIgniter\Router\RouteCollection))
 5 SYSTEMPATH\CodeIgniter.php(361): CodeIgniter\CodeIgniter->handleRequest(null, Object(Config\Cache), false)
 6 FCPATH\index.php(79): CodeIgniter\CodeIgniter->run()
 7 SYSTEMPATH\Commands\Server\rewrite.php(47): require_once('C:\\xampp\\htdocs\\Pertemuan3\\public\\index.php')
CRITICAL - 2024-03-25 04:51:56 --> ParseError: syntax error, unexpected single-quoted string "kantor", expecting "]"
in APPPATH\Controllers\Page.php on line 35.
 1 SYSTEMPATH\Router\Router.php(515): CodeIgniter\Router\AutoRouter->getRoute('page/contact', 'get')
 2 SYSTEMPATH\Router\Router.php(211): CodeIgniter\Router\Router->autoRoute('page/contact')
 3 SYSTEMPATH\CodeIgniter.php(823): CodeIgniter\Router\Router->handle('page/contact')
 4 SYSTEMPATH\CodeIgniter.php(450): CodeIgniter\CodeIgniter->tryToRouteIt(Object(CodeIgniter\Router\RouteCollection))
 5 SYSTEMPATH\CodeIgniter.php(361): CodeIgniter\CodeIgniter->handleRequest(null, Object(Config\Cache), false)
 6 FCPATH\index.php(79): CodeIgniter\CodeIgniter->run()
 7 SYSTEMPATH\Commands\Server\rewrite.php(47): require_once('C:\\xampp\\htdocs\\Pertemuan3\\public\\index.php')
CRITICAL - 2024-03-25 04:52:26 --> ParseError: syntax error, unexpected single-quoted string "kantor", expecting "]"
in APPPATH\Controllers\Page.php on line 35.
 1 SYSTEMPATH\Router\Router.php(515): CodeIgniter\Router\AutoRouter->getRoute('page/contact', 'get')
 2 SYSTEMPATH\Router\Router.php(211): CodeIgniter\Router\Router->autoRoute('page/contact')
 3 SYSTEMPATH\CodeIgniter.php(823): CodeIgniter\Router\Router->handle('page/contact')
 4 SYSTEMPATH\CodeIgniter.php(450): CodeIgniter\CodeIgniter->tryToRouteIt(Object(CodeIgniter\Router\RouteCollection))
 5 SYSTEMPATH\CodeIgniter.php(361): CodeIgniter\CodeIgniter->handleRequest(null, Object(Config\Cache), false)
 6 FCPATH\index.php(79): CodeIgniter\CodeIgniter->run()
 7 SYSTEMPATH\Commands\Server\rewrite.php(47): require_once('C:\\xampp\\htdocs\\Pertemuan3\\public\\index.php')
CRITICAL - 2024-03-25 04:52:27 --> ParseError: syntax error, unexpected single-quoted string "kantor", expecting "]"
in APPPATH\Controllers\Page.php on line 35.
 1 SYSTEMPATH\Router\Router.php(515): CodeIgniter\Router\AutoRouter->getRoute('page/contact', 'get')
 2 SYSTEMPATH\Router\Router.php(211): CodeIgniter\Router\Router->autoRoute('page/contact')
 3 SYSTEMPATH\CodeIgniter.php(823): CodeIgniter\Router\Router->handle('page/contact')
 4 SYSTEMPATH\CodeIgniter.php(450): CodeIgniter\CodeIgniter->tryToRouteIt(Object(CodeIgniter\Router\RouteCollection))
 5 SYSTEMPATH\CodeIgniter.php(361): CodeIgniter\CodeIgniter->handleRequest(null, Object(Config\Cache), false)
 6 FCPATH\index.php(79): CodeIgniter\CodeIgniter->run()
 7 SYSTEMPATH\Commands\Server\rewrite.php(47): require_once('C:\\xampp\\htdocs\\Pertemuan3\\public\\index.php')
CRITICAL - 2024-03-25 04:52:27 --> ParseError: syntax error, unexpected single-quoted string "kantor", expecting "]"
in APPPATH\Controllers\Page.php on line 35.
 1 SYSTEMPATH\Router\Router.php(515): CodeIgniter\Router\AutoRouter->getRoute('page/contact', 'get')
 2 SYSTEMPATH\Router\Router.php(211): CodeIgniter\Router\Router->autoRoute('page/contact')
 3 SYSTEMPATH\CodeIgniter.php(823): CodeIgniter\Router\Router->handle('page/contact')
 4 SYSTEMPATH\CodeIgniter.php(450): CodeIgniter\CodeIgniter->tryToRouteIt(Object(CodeIgniter\Router\RouteCollection))
 5 SYSTEMPATH\CodeIgniter.php(361): CodeIgniter\CodeIgniter->handleRequest(null, Object(Config\Cache), false)
 6 FCPATH\index.php(79): CodeIgniter\CodeIgniter->run()
 7 SYSTEMPATH\Commands\Server\rewrite.php(47): require_once('C:\\xampp\\htdocs\\Pertemuan3\\public\\index.php')
CRITICAL - 2024-03-25 04:52:27 --> ParseError: syntax error, unexpected single-quoted string "kantor", expecting "]"
in APPPATH\Controllers\Page.php on line 35.
 1 SYSTEMPATH\Router\Router.php(515): CodeIgniter\Router\AutoRouter->getRoute('page/contact', 'get')
 2 SYSTEMPATH\Router\Router.php(211): CodeIgniter\Router\Router->autoRoute('page/contact')
 3 SYSTEMPATH\CodeIgniter.php(823): CodeIgniter\Router\Router->handle('page/contact')
 4 SYSTEMPATH\CodeIgniter.php(450): CodeIgniter\CodeIgniter->tryToRouteIt(Object(CodeIgniter\Router\RouteCollection))
 5 SYSTEMPATH\CodeIgniter.php(361): CodeIgniter\CodeIgniter->handleRequest(null, Object(Config\Cache), false)
 6 FCPATH\index.php(79): CodeIgniter\CodeIgniter->run()
 7 SYSTEMPATH\Commands\Server\rewrite.php(47): require_once('C:\\xampp\\htdocs\\Pertemuan3\\public\\index.php')
CRITICAL - 2024-03-25 04:52:27 --> ParseError: syntax error, unexpected single-quoted string "kantor", expecting "]"
in APPPATH\Controllers\Page.php on line 35.
 1 SYSTEMPATH\Router\Router.php(515): CodeIgniter\Router\AutoRouter->getRoute('page/contact', 'get')
 2 SYSTEMPATH\Router\Router.php(211): CodeIgniter\Router\Router->autoRoute('page/contact')
 3 SYSTEMPATH\CodeIgniter.php(823): CodeIgniter\Router\Router->handle('page/contact')
 4 SYSTEMPATH\CodeIgniter.php(450): CodeIgniter\CodeIgniter->tryToRouteIt(Object(CodeIgniter\Router\RouteCollection))
 5 SYSTEMPATH\CodeIgniter.php(361): CodeIgniter\CodeIgniter->handleRequest(null, Object(Config\Cache), false)
 6 FCPATH\index.php(79): CodeIgniter\CodeIgniter->run()
 7 SYSTEMPATH\Commands\Server\rewrite.php(47): require_once('C:\\xampp\\htdocs\\Pertemuan3\\public\\index.php')
CRITICAL - 2024-03-25 04:52:28 --> ParseError: syntax error, unexpected single-quoted string "kantor", expecting "]"
in APPPATH\Controllers\Page.php on line 35.
 1 SYSTEMPATH\Router\Router.php(515): CodeIgniter\Router\AutoRouter->getRoute('page/contact', 'get')
 2 SYSTEMPATH\Router\Router.php(211): CodeIgniter\Router\Router->autoRoute('page/contact')
 3 SYSTEMPATH\CodeIgniter.php(823): CodeIgniter\Router\Router->handle('page/contact')
 4 SYSTEMPATH\CodeIgniter.php(450): CodeIgniter\CodeIgniter->tryToRouteIt(Object(CodeIgniter\Router\RouteCollection))
 5 SYSTEMPATH\CodeIgniter.php(361): CodeIgniter\CodeIgniter->handleRequest(null, Object(Config\Cache), false)
 6 FCPATH\index.php(79): CodeIgniter\CodeIgniter->run()
 7 SYSTEMPATH\Commands\Server\rewrite.php(47): require_once('C:\\xampp\\htdocs\\Pertemuan3\\public\\index.php')
CRITICAL - 2024-03-25 04:52:32 --> ParseError: syntax error, unexpected token "=>", expecting "]"
in APPPATH\Controllers\Page.php on line 36.
 1 SYSTEMPATH\Router\Router.php(515): CodeIgniter\Router\AutoRouter->getRoute('page/contact', 'get')
 2 SYSTEMPATH\Router\Router.php(211): CodeIgniter\Router\Router->autoRoute('page/contact')
 3 SYSTEMPATH\CodeIgniter.php(823): CodeIgniter\Router\Router->handle('page/contact')
 4 SYSTEMPATH\CodeIgniter.php(450): CodeIgniter\CodeIgniter->tryToRouteIt(Object(CodeIgniter\Router\RouteCollection))
 5 SYSTEMPATH\CodeIgniter.php(361): CodeIgniter\CodeIgniter->handleRequest(null, Object(Config\Cache), false)
 6 FCPATH\index.php(79): CodeIgniter\CodeIgniter->run()
 7 SYSTEMPATH\Commands\Server\rewrite.php(47): require_once('C:\\xampp\\htdocs\\Pertemuan3\\public\\index.php')
CRITICAL - 2024-03-25 04:55:21 --> ErrorException: Undefined array key "kantor"
in APPPATH\Views\page\contact.php on line 14.
 1 APPPATH\Views\page\contact.php(14): CodeIgniter\Debug\Exceptions->errorHandler(2, 'Undefined array key "kantor"', 'C:\\xampp\\htdocs\\Pertemuan3\\app\\Views\\page\\contact.php', 14)
 2 SYSTEMPATH\View\View.php(228): include('C:\\xampp\\htdocs\\Pertemuan3\\app\\Views\\page\\contact.php')
 3 SYSTEMPATH\View\View.php(231): CodeIgniter\View\View->CodeIgniter\View\{closure}()
 4 SYSTEMPATH\Common.php(1178): CodeIgniter\View\View->render('page/contact', [], true)
 5 APPPATH\Controllers\Page.php(42): view('page/contact', [...])
 6 SYSTEMPATH\CodeIgniter.php(941): App\Controllers\Page->contact()
 7 SYSTEMPATH\CodeIgniter.php(502): CodeIgniter\CodeIgniter->runController(Object(App\Controllers\Page))
 8 SYSTEMPATH\CodeIgniter.php(361): CodeIgniter\CodeIgniter->handleRequest(null, Object(Config\Cache), false)
 9 FCPATH\index.php(79): CodeIgniter\CodeIgniter->run()
10 SYSTEMPATH\Commands\Server\rewrite.php(47): require_once('C:\\xampp\\htdocs\\Pertemuan3\\public\\index.php')
