INFO - 2024-05-23 13:48:06 --> Session: Class initialized using 'CodeIgniter\Session\Handlers\FileHandler' driver.
INFO - 2024-05-23 13:48:21 --> Session: Class initialized using 'CodeIgniter\Session\Handlers\FileHandler' driver.
INFO - 2024-05-23 14:05:23 --> Session: Class initialized using 'CodeIgniter\Session\Handlers\FileHandler' driver.
INFO - 2024-05-23 14:05:31 --> Session: Class initialized using 'CodeIgniter\Session\Handlers\FileHandler' driver.
INFO - 2024-05-23 14:05:44 --> Session: Class initialized using 'CodeIgniter\Session\Handlers\FileHandler' driver.
INFO - 2024-05-23 14:06:40 --> Session: Class initialized using 'CodeIgniter\Session\Handlers\FileHandler' driver.
ERROR - 2024-05-23 14:06:40 --> mysqli_sql_exception: Unknown column 'updated_at' in 'field list' in C:\semester4\pemweb2\project-root\system\Database\MySQLi\Connection.php:306
Stack trace:
#0 C:\semester4\pemweb2\project-root\system\Database\MySQLi\Connection.php(306): mysqli->query('UPDATE `books` ...', 0)
#1 C:\semester4\pemweb2\project-root\system\Database\BaseConnection.php(693): CodeIgniter\Database\MySQLi\Connection->execute('UPDATE `books` ...')
#2 C:\semester4\pemweb2\project-root\system\Database\BaseConnection.php(607): CodeIgniter\Database\BaseConnection->simpleQuery('UPDATE `books` ...')
#3 C:\semester4\pemweb2\project-root\system\Database\BaseBuilder.php(2474): CodeIgniter\Database\BaseConnection->query('UPDATE `books` ...', Array, false)
#4 C:\semester4\pemweb2\project-root\system\Model.php(393): CodeIgniter\Database\BaseBuilder->update()
#5 C:\semester4\pemweb2\project-root\system\BaseModel.php(987): CodeIgniter\Model->doUpdate(Array, Array)
#6 C:\semester4\pemweb2\project-root\system\Model.php(807): CodeIgniter\BaseModel->update(Array, Array)
#7 C:\semester4\pemweb2\project-root\system\BaseModel.php(711): CodeIgniter\Model->update('1', Array)
#8 C:\semester4\pemweb2\project-root\app\Controllers\Books.php(137): CodeIgniter\BaseModel->save(Array)
#9 C:\semester4\pemweb2\project-root\system\CodeIgniter.php(941): App\Controllers\Books->update('1')
#10 C:\semester4\pemweb2\project-root\system\CodeIgniter.php(502): CodeIgniter\CodeIgniter->runController(Object(App\Controllers\Books))
#11 C:\semester4\pemweb2\project-root\system\CodeIgniter.php(361): CodeIgniter\CodeIgniter->handleRequest(NULL, Object(Config\Cache), false)
#12 C:\semester4\pemweb2\project-root\public\index.php(79): CodeIgniter\CodeIgniter->run()
#13 C:\semester4\pemweb2\project-root\system\Commands\Server\rewrite.php(47): require_once('C:\\semester4\\pe...')
#14 {main}
CRITICAL - 2024-05-23 14:06:40 --> CodeIgniter\Database\Exceptions\DatabaseException: Unknown column 'updated_at' in 'field list'
in SYSTEMPATH\Database\BaseConnection.php on line 647.
 1 SYSTEMPATH\Database\BaseBuilder.php(2474): CodeIgniter\Database\BaseConnection->query('UPDATE `books` SET `judul` = :judul:, `slug` = :slug:, `penulis` = :penulis:, `penerbit` = :penerbit:, `sampul` = :sampul:, `updated_at` = :updated_at:
WHERE `books`.`id` IN :books.id:', [...], false)
 2 SYSTEMPATH\Model.php(393): CodeIgniter\Database\BaseBuilder->update()
 3 SYSTEMPATH\BaseModel.php(987): CodeIgniter\Model->doUpdate([...], [...])
 4 SYSTEMPATH\Model.php(807): CodeIgniter\BaseModel->update([...], [...])
 5 SYSTEMPATH\BaseModel.php(711): CodeIgniter\Model->update('1', [...])
 6 APPPATH\Controllers\Books.php(137): CodeIgniter\BaseModel->save([...])
 7 SYSTEMPATH\CodeIgniter.php(941): App\Controllers\Books->update('1')
 8 SYSTEMPATH\CodeIgniter.php(502): CodeIgniter\CodeIgniter->runController(Object(App\Controllers\Books))
 9 SYSTEMPATH\CodeIgniter.php(361): CodeIgniter\CodeIgniter->handleRequest(null, Object(Config\Cache), false)
10 FCPATH\index.php(79): CodeIgniter\CodeIgniter->run()
11 SYSTEMPATH\Commands\Server\rewrite.php(47): require_once('C:\\semester4\\pemweb2\\project-root\\public\\index.php')
CRITICAL - 2024-05-23 14:06:40 --> [Caused by] CodeIgniter\Database\Exceptions\DatabaseException: Unknown column 'updated_at' in 'field list'
in SYSTEMPATH\Database\MySQLi\Connection.php on line 311.
 1 SYSTEMPATH\Database\BaseConnection.php(693): CodeIgniter\Database\MySQLi\Connection->execute('UPDATE `books` SET `judul` = \'Modul 1 SI\', `slug` = \'modul-1-si\', `penulis` = \'a\', `penerbit` = \'a\', `sampul` = \'a\', `updated_at` = \'2024-05-23 14:06:40\'
WHERE `books`.`id` IN (\'1\')')
 2 SYSTEMPATH\Database\BaseConnection.php(607): CodeIgniter\Database\BaseConnection->simpleQuery('UPDATE `books` SET `judul` = \'Modul 1 SI\', `slug` = \'modul-1-si\', `penulis` = \'a\', `penerbit` = \'a\', `sampul` = \'a\', `updated_at` = \'2024-05-23 14:06:40\'
WHERE `books`.`id` IN (\'1\')')
 3 SYSTEMPATH\Database\BaseBuilder.php(2474): CodeIgniter\Database\BaseConnection->query('UPDATE `books` SET `judul` = :judul:, `slug` = :slug:, `penulis` = :penulis:, `penerbit` = :penerbit:, `sampul` = :sampul:, `updated_at` = :updated_at:
WHERE `books`.`id` IN :books.id:', [...], false)
 4 SYSTEMPATH\Model.php(393): CodeIgniter\Database\BaseBuilder->update()
 5 SYSTEMPATH\BaseModel.php(987): CodeIgniter\Model->doUpdate([...], [...])
 6 SYSTEMPATH\Model.php(807): CodeIgniter\BaseModel->update([...], [...])
 7 SYSTEMPATH\BaseModel.php(711): CodeIgniter\Model->update('1', [...])
 8 APPPATH\Controllers\Books.php(137): CodeIgniter\BaseModel->save([...])
 9 SYSTEMPATH\CodeIgniter.php(941): App\Controllers\Books->update('1')
10 SYSTEMPATH\CodeIgniter.php(502): CodeIgniter\CodeIgniter->runController(Object(App\Controllers\Books))
11 SYSTEMPATH\CodeIgniter.php(361): CodeIgniter\CodeIgniter->handleRequest(null, Object(Config\Cache), false)
12 FCPATH\index.php(79): CodeIgniter\CodeIgniter->run()
13 SYSTEMPATH\Commands\Server\rewrite.php(47): require_once('C:\\semester4\\pemweb2\\project-root\\public\\index.php')
CRITICAL - 2024-05-23 14:06:40 --> [Caused by] mysqli_sql_exception: Unknown column 'updated_at' in 'field list'
in SYSTEMPATH\Database\MySQLi\Connection.php on line 306.
 1 SYSTEMPATH\Database\MySQLi\Connection.php(306): mysqli->query('UPDATE `books` SET `judul` = \'Modul 1 SI\', `slug` = \'modul-1-si\', `penulis` = \'a\', `penerbit` = \'a\', `sampul` = \'a\', `updated_at` = \'2024-05-23 14:06:40\'
WHERE `books`.`id` IN (\'1\')', 0)
 2 SYSTEMPATH\Database\BaseConnection.php(693): CodeIgniter\Database\MySQLi\Connection->execute('UPDATE `books` SET `judul` = \'Modul 1 SI\', `slug` = \'modul-1-si\', `penulis` = \'a\', `penerbit` = \'a\', `sampul` = \'a\', `updated_at` = \'2024-05-23 14:06:40\'
WHERE `books`.`id` IN (\'1\')')
 3 SYSTEMPATH\Database\BaseConnection.php(607): CodeIgniter\Database\BaseConnection->simpleQuery('UPDATE `books` SET `judul` = \'Modul 1 SI\', `slug` = \'modul-1-si\', `penulis` = \'a\', `penerbit` = \'a\', `sampul` = \'a\', `updated_at` = \'2024-05-23 14:06:40\'
WHERE `books`.`id` IN (\'1\')')
 4 SYSTEMPATH\Database\BaseBuilder.php(2474): CodeIgniter\Database\BaseConnection->query('UPDATE `books` SET `judul` = :judul:, `slug` = :slug:, `penulis` = :penulis:, `penerbit` = :penerbit:, `sampul` = :sampul:, `updated_at` = :updated_at:
WHERE `books`.`id` IN :books.id:', [...], false)
 5 SYSTEMPATH\Model.php(393): CodeIgniter\Database\BaseBuilder->update()
 6 SYSTEMPATH\BaseModel.php(987): CodeIgniter\Model->doUpdate([...], [...])
 7 SYSTEMPATH\Model.php(807): CodeIgniter\BaseModel->update([...], [...])
 8 SYSTEMPATH\BaseModel.php(711): CodeIgniter\Model->update('1', [...])
 9 APPPATH\Controllers\Books.php(137): CodeIgniter\BaseModel->save([...])
10 SYSTEMPATH\CodeIgniter.php(941): App\Controllers\Books->update('1')
11 SYSTEMPATH\CodeIgniter.php(502): CodeIgniter\CodeIgniter->runController(Object(App\Controllers\Books))
12 SYSTEMPATH\CodeIgniter.php(361): CodeIgniter\CodeIgniter->handleRequest(null, Object(Config\Cache), false)
13 FCPATH\index.php(79): CodeIgniter\CodeIgniter->run()
14 SYSTEMPATH\Commands\Server\rewrite.php(47): require_once('C:\\semester4\\pemweb2\\project-root\\public\\index.php')
INFO - 2024-05-23 14:10:26 --> Session: Class initialized using 'CodeIgniter\Session\Handlers\FileHandler' driver.
INFO - 2024-05-23 14:10:39 --> Session: Class initialized using 'CodeIgniter\Session\Handlers\FileHandler' driver.
INFO - 2024-05-23 14:10:49 --> Session: Class initialized using 'CodeIgniter\Session\Handlers\FileHandler' driver.
INFO - 2024-05-23 14:10:58 --> Session: Class initialized using 'CodeIgniter\Session\Handlers\FileHandler' driver.
INFO - 2024-05-23 14:13:34 --> Session: Class initialized using 'CodeIgniter\Session\Handlers\FileHandler' driver.
ERROR - 2024-05-23 14:13:34 --> mysqli_sql_exception: Unknown column 'updated_at' in 'field list' in C:\semester4\pemweb2\project-root\system\Database\MySQLi\Connection.php:306
Stack trace:
#0 C:\semester4\pemweb2\project-root\system\Database\MySQLi\Connection.php(306): mysqli->query('INSERT INTO `bo...', 0)
#1 C:\semester4\pemweb2\project-root\system\Database\BaseConnection.php(693): CodeIgniter\Database\MySQLi\Connection->execute('INSERT INTO `bo...')
#2 C:\semester4\pemweb2\project-root\system\Database\BaseConnection.php(607): CodeIgniter\Database\BaseConnection->simpleQuery('INSERT INTO `bo...')
#3 C:\semester4\pemweb2\project-root\system\Database\BaseBuilder.php(2307): CodeIgniter\Database\BaseConnection->query('INSERT INTO `bo...', Array, false)
#4 C:\semester4\pemweb2\project-root\system\Model.php(326): CodeIgniter\Database\BaseBuilder->insert()
#5 C:\semester4\pemweb2\project-root\system\BaseModel.php(802): CodeIgniter\Model->doInsert(Array)
#6 C:\semester4\pemweb2\project-root\system\Model.php(744): CodeIgniter\BaseModel->insert(Array, false)
#7 C:\semester4\pemweb2\project-root\system\BaseModel.php(713): CodeIgniter\Model->insert(Array, false)
#8 C:\semester4\pemweb2\project-root\app\Controllers\Books.php(62): CodeIgniter\BaseModel->save(Array)
#9 C:\semester4\pemweb2\project-root\system\CodeIgniter.php(941): App\Controllers\Books->save()
#10 C:\semester4\pemweb2\project-root\system\CodeIgniter.php(502): CodeIgniter\CodeIgniter->runController(Object(App\Controllers\Books))
#11 C:\semester4\pemweb2\project-root\system\CodeIgniter.php(361): CodeIgniter\CodeIgniter->handleRequest(NULL, Object(Config\Cache), false)
#12 C:\semester4\pemweb2\project-root\public\index.php(79): CodeIgniter\CodeIgniter->run()
#13 C:\semester4\pemweb2\project-root\system\Commands\Server\rewrite.php(47): require_once('C:\\semester4\\pe...')
#14 {main}
CRITICAL - 2024-05-23 14:13:34 --> CodeIgniter\Database\Exceptions\DatabaseException: Unknown column 'updated_at' in 'field list'
in SYSTEMPATH\Database\BaseConnection.php on line 647.
 1 SYSTEMPATH\Database\BaseBuilder.php(2307): CodeIgniter\Database\BaseConnection->query('INSERT INTO `books` (`judul`, `slug`, `penulis`, `penerbit`, `sampul`, `created_at`, `updated_at`) VALUES (:judul:, :slug:, :penulis:, :penerbit:, :sampul:, :created_at:, :updated_at:)', [...], false)
 2 SYSTEMPATH\Model.php(326): CodeIgniter\Database\BaseBuilder->insert()
 3 SYSTEMPATH\BaseModel.php(802): CodeIgniter\Model->doInsert([...])
 4 SYSTEMPATH\Model.php(744): CodeIgniter\BaseModel->insert([...], false)
 5 SYSTEMPATH\BaseModel.php(713): CodeIgniter\Model->insert([...], false)
 6 APPPATH\Controllers\Books.php(62): CodeIgniter\BaseModel->save([...])
 7 SYSTEMPATH\CodeIgniter.php(941): App\Controllers\Books->save()
 8 SYSTEMPATH\CodeIgniter.php(502): CodeIgniter\CodeIgniter->runController(Object(App\Controllers\Books))
 9 SYSTEMPATH\CodeIgniter.php(361): CodeIgniter\CodeIgniter->handleRequest(null, Object(Config\Cache), false)
10 FCPATH\index.php(79): CodeIgniter\CodeIgniter->run()
11 SYSTEMPATH\Commands\Server\rewrite.php(47): require_once('C:\\semester4\\pemweb2\\project-root\\public\\index.php')
CRITICAL - 2024-05-23 14:13:34 --> [Caused by] CodeIgniter\Database\Exceptions\DatabaseException: Unknown column 'updated_at' in 'field list'
in SYSTEMPATH\Database\MySQLi\Connection.php on line 311.
 1 SYSTEMPATH\Database\BaseConnection.php(693): CodeIgniter\Database\MySQLi\Connection->execute('INSERT INTO `books` (`judul`, `slug`, `penulis`, `penerbit`, `sampul`, `created_at`, `updated_at`) VALUES (\'apotheosis\', \'apotheosis\', \'arif\', \'arif\', \'apotheosis.jpg\', \'2024-05-23 14:13:34\', \'2024-05-23 14:13:34\')')
 2 SYSTEMPATH\Database\BaseConnection.php(607): CodeIgniter\Database\BaseConnection->simpleQuery('INSERT INTO `books` (`judul`, `slug`, `penulis`, `penerbit`, `sampul`, `created_at`, `updated_at`) VALUES (\'apotheosis\', \'apotheosis\', \'arif\', \'arif\', \'apotheosis.jpg\', \'2024-05-23 14:13:34\', \'2024-05-23 14:13:34\')')
 3 SYSTEMPATH\Database\BaseBuilder.php(2307): CodeIgniter\Database\BaseConnection->query('INSERT INTO `books` (`judul`, `slug`, `penulis`, `penerbit`, `sampul`, `created_at`, `updated_at`) VALUES (:judul:, :slug:, :penulis:, :penerbit:, :sampul:, :created_at:, :updated_at:)', [...], false)
 4 SYSTEMPATH\Model.php(326): CodeIgniter\Database\BaseBuilder->insert()
 5 SYSTEMPATH\BaseModel.php(802): CodeIgniter\Model->doInsert([...])
 6 SYSTEMPATH\Model.php(744): CodeIgniter\BaseModel->insert([...], false)
 7 SYSTEMPATH\BaseModel.php(713): CodeIgniter\Model->insert([...], false)
 8 APPPATH\Controllers\Books.php(62): CodeIgniter\BaseModel->save([...])
 9 SYSTEMPATH\CodeIgniter.php(941): App\Controllers\Books->save()
10 SYSTEMPATH\CodeIgniter.php(502): CodeIgniter\CodeIgniter->runController(Object(App\Controllers\Books))
11 SYSTEMPATH\CodeIgniter.php(361): CodeIgniter\CodeIgniter->handleRequest(null, Object(Config\Cache), false)
12 FCPATH\index.php(79): CodeIgniter\CodeIgniter->run()
13 SYSTEMPATH\Commands\Server\rewrite.php(47): require_once('C:\\semester4\\pemweb2\\project-root\\public\\index.php')
CRITICAL - 2024-05-23 14:13:34 --> [Caused by] mysqli_sql_exception: Unknown column 'updated_at' in 'field list'
in SYSTEMPATH\Database\MySQLi\Connection.php on line 306.
 1 SYSTEMPATH\Database\MySQLi\Connection.php(306): mysqli->query('INSERT INTO `books` (`judul`, `slug`, `penulis`, `penerbit`, `sampul`, `created_at`, `updated_at`) VALUES (\'apotheosis\', \'apotheosis\', \'arif\', \'arif\', \'apotheosis.jpg\', \'2024-05-23 14:13:34\', \'2024-05-23 14:13:34\')', 0)
 2 SYSTEMPATH\Database\BaseConnection.php(693): CodeIgniter\Database\MySQLi\Connection->execute('INSERT INTO `books` (`judul`, `slug`, `penulis`, `penerbit`, `sampul`, `created_at`, `updated_at`) VALUES (\'apotheosis\', \'apotheosis\', \'arif\', \'arif\', \'apotheosis.jpg\', \'2024-05-23 14:13:34\', \'2024-05-23 14:13:34\')')
 3 SYSTEMPATH\Database\BaseConnection.php(607): CodeIgniter\Database\BaseConnection->simpleQuery('INSERT INTO `books` (`judul`, `slug`, `penulis`, `penerbit`, `sampul`, `created_at`, `updated_at`) VALUES (\'apotheosis\', \'apotheosis\', \'arif\', \'arif\', \'apotheosis.jpg\', \'2024-05-23 14:13:34\', \'2024-05-23 14:13:34\')')
 4 SYSTEMPATH\Database\BaseBuilder.php(2307): CodeIgniter\Database\BaseConnection->query('INSERT INTO `books` (`judul`, `slug`, `penulis`, `penerbit`, `sampul`, `created_at`, `updated_at`) VALUES (:judul:, :slug:, :penulis:, :penerbit:, :sampul:, :created_at:, :updated_at:)', [...], false)
 5 SYSTEMPATH\Model.php(326): CodeIgniter\Database\BaseBuilder->insert()
 6 SYSTEMPATH\BaseModel.php(802): CodeIgniter\Model->doInsert([...])
 7 SYSTEMPATH\Model.php(744): CodeIgniter\BaseModel->insert([...], false)
 8 SYSTEMPATH\BaseModel.php(713): CodeIgniter\Model->insert([...], false)
 9 APPPATH\Controllers\Books.php(62): CodeIgniter\BaseModel->save([...])
10 SYSTEMPATH\CodeIgniter.php(941): App\Controllers\Books->save()
11 SYSTEMPATH\CodeIgniter.php(502): CodeIgniter\CodeIgniter->runController(Object(App\Controllers\Books))
12 SYSTEMPATH\CodeIgniter.php(361): CodeIgniter\CodeIgniter->handleRequest(null, Object(Config\Cache), false)
13 FCPATH\index.php(79): CodeIgniter\CodeIgniter->run()
14 SYSTEMPATH\Commands\Server\rewrite.php(47): require_once('C:\\semester4\\pemweb2\\project-root\\public\\index.php')
INFO - 2024-05-23 14:14:39 --> Session: Class initialized using 'CodeIgniter\Session\Handlers\FileHandler' driver.
INFO - 2024-05-23 14:15:04 --> Session: Class initialized using 'CodeIgniter\Session\Handlers\FileHandler' driver.
INFO - 2024-05-23 14:15:12 --> Session: Class initialized using 'CodeIgniter\Session\Handlers\FileHandler' driver.
